make.exe all --print-data-base --no-builtin-variables --no-builtin-rules --question
# GNU Make 3.81
# Copyright (C) 2006  Free Software Foundation, Inc.
# This is free software; see the source for copying conditions.
# There is NO warranty; not even for MERCHANTABILITY or FITNESS FOR A
# PARTICULAR PURPOSE.

# This program built for i386-pc-mingw32
 

# Make data base, printed on Wed Jun 08 23:48:31 2022

# Variables

# automatic
<D = $(patsubst %/,%,$(dir $<))
# automatic
?F = $(notdir $?)
# makefile
MAKEFLAGS = Rrqp
# environment
VSCODE_LOG_NATIVE = false
# makefile (from `../../Compiler/COMMON/jo_engine_makefile', line 277)
TARGET = game.elf
# makefile (from `makefile', line 5)
JO_COMPILE_WITH_3D_MODULE = 1
# automatic
?D = $(patsubst %/,%,$(dir $?))
# makefile (from `makefile', line 4)
JO_COMPILE_WITH_AUDIO_MODULE = 0
# automatic
@D = $(patsubst %/,%,$(dir $@))
# environment
HOMEDRIVE = C:
# automatic
@F = $(notdir $@)
# automatic
^D = $(patsubst %/,%,$(dir $^))
# makefile
CURDIR := c:/Users/Alfanhui/Nextcloud/Code/c/joengine/Projects/circuit-breaker
# default
SHELL := C:/WinAVR-20100110/utils/bin/sh.exe
# makefile (from `../../Compiler/COMMON/jo_engine_makefile', line 237)
RM = rm -rf
# environment
WINDIR = C:\WINDOWS
# environment
VSCODE_NLS_CONFIG = {"locale":"en-us","availableLanguages":{},"_languagePackSupport":true}
# environment
PHPRC = C:\Program Files\php\php-7.4.3-Win32-vc15-x64
# environment
VBOX_MSI_INSTALL_PATH = C:\Program Files\Oracle\VirtualBox\
# environment
ONEDRIVE = C:\Users\Alfanhui\OneDrive
# environment
PATHEXT = .COM;.EXE;.BAT;.CMD;.VBS;.VBE;.JS;.JSE;.WSF;.WSH;.MSC;.PY;.PYW
# makefile (from `../../Compiler/COMMON/jo_engine_makefile', line 1)
MAKEFILE_LIST :=  makefile ../../Compiler/COMMON/jo_engine_makefile
# environment
FPS_BROWSER_USER_PROFILE_STRING = Default
# environment
TMP = C:\Users\Alfanhui\AppData\Local\Temp
# makefile (from `../../Compiler/COMMON/jo_engine_makefile', line 275)
DFLAGS = 
# makefile (from `../../Compiler/COMMON/jo_engine_makefile', line 214)
SYSOBJS =  $(SGLLDR)/SGLAREA.O
# environment
VSCODE_VERBOSE_LOGGING = true
# makefile (from `../../Compiler/COMMON/jo_engine_makefile', line 278)
TARGET1 = $(TARGET:.elf=.bin)
# makefile (from `../../Compiler/COMMON/jo_engine_makefile', line 225)
CC = $(COMPILER_DIR)/WINDOWS/bin/sh-elf-gcc.exe
# environment
PROGRAMW6432 = C:\Program Files
# makefile (from `../../Compi 
ler/COMMON/jo_engine_makefile', line 217)
OBJS = $(SRCS:.c=.o)
# environment
PROGRAMDATA = C:\ProgramData
# makefile (from `makefile', line 17)
JO_ENGINE_SRC_DIR = ../../jo_engine
# environment
VSCODE_IPC_HOOK_EXTHOST = \\.\pipe\vscode-ipc-9e7e83ff-389a-4ff5-8eac-84cbfe2289c5-sock
# environment
VSCODE_CWD = C:\Users\Alfanhui\AppData\Local\Programs\Microsoft VS Code
# environment
PATH = C:\Program Files\Amazon Corretto\jdk11.0.13_8\bin;C:\Program Files\Amazon Corretto\jdk1.8.0_312\bin;C:\Program Files (x86)\Common Files\Oracle\Java\javapath;C:\Python39\Scripts\;C:\Python39\;C:\WinAVR-20100110\bin;C:\WinAVR-20100110\utils\bin;C:\Program Files (x86)\Python38-32\Scripts\;C:\Program Files (x86)\Python38-32\;C:\Windows\system32;C:\Windows;C:\Windows\System32\Wbem;C:\Windows\System32\WindowsPowerShell\v1.0\;C:\Windows\System32\OpenSSH\;C:\Program Files\NVIDIA Corporation\NVIDIA NvDLISR;C:\Program Files\Java\jdk-13.0.1\bin;C:\Program Files\Dart\dart-sdk\bin;C:\src\apache-maven-3.6.3\bin;C:\src\gradle-6.0.1\bin;C:\src\flutter\bin;C:\Program Files (x86)\Windows Kits\10\Windows Performance Toolkit\;C:\ProgramData\chocolatey\bin;C:\HashiCorp\Vagrant\bin;C:\WINDOWS\system32;C:\WINDOWS;C:\WINDOWS\System32\Wbem;C:\WINDOWS\System32\WindowsPowerShell\v1.0\;C:\WINDOWS\System32\OpenSSH\;C:\Program Files\Git\cmd;C:\Program Files\nodejs\;C:\Program Files\dotnet\;C:\Program Files (x86)\NVIDIA Corporation\PhysX\Common;C:\Program Files\Docker\Docker\resources\bin;C:\ProgramData\DockerDesktop\version-bin;C:\Users\Alfanhui\AppData\Local\Microsoft\WindowsApps;C:\Users\Alfanhui\AppData\Local\Programs\Microsoft VS Code\bin;C:\Program Files\php\php-7.4.3-Win32-vc15-x64\ext;C:\Program Files (x86)\FAHClient;C:\Users\Alfanhui\AppData\Local\Programs\Python\Python38-32;C:\Users\Alfanhui\AppData\Local\Programs\Python\Python38-32\Tools\scripts;'C:\Users\Alfanhui\AppData\Roaming\Python\Python38\Scripts;C:\tools\dart-sdk\bin;C:\Users\Alfanhui\AppData\Roaming\Pub\Cache\bin;C:\Users\Alfanhui\AppData\Roaming\npm;C:\Program Files\Amazon Corretto\jdk11.0.13_8;C:\Users\Alfanhui\bin;C:\Users\Alfanhui\.dotnet\tools
# makefile (from `../../Compiler/COMMON/jo_engine_makefile', line 294)
MAKEFILE = makefile
# environment
COMMONPROGRAMW6432 = C:\Program Files\Common Files
# makefile (from `makefile', line 12)
JO_COMPILE_USING_SGL = 1
# environment
CHOCOLATEYLASTPATHUPDATE = 132670202021356403
# environment
PROCESSOR_ARCHITECTURE = x86
# makefile (from `makefile', line 6)
JO_COMPILE_WITH_PSEUDO_MODE7_MODULE = 0
# environment
USERPROFILE = C:\Users\Alfanhui
# environment
CHOCOLATEYINSTALL = C:\ProgramData\chocolatey
# environment
ALLUSERSPROFILE = C:\ProgramData
# makefile (from `../../Compiler/COMMON/jo_engine_makefile', line 235)
ASSETS_DIR = ./cd
# environment
VSCODE_LOG_STACK = false
# environment
NUMBER_OF_PROCESSORS = 12
# environment
ELECTRON_RUN_AS_NODE = 1
# makefile (from `../../Compiler/COMMON/jo_engine_makefile', line 270)
LDFLAGS = -m2 -L$(SGLLDR) -Xlinker -T$(LDFILE) -Xlinker -Map -Xlinker $(MPFILE) -Xlinker -e -Xlinker ___Start -nostartfiles
# default
.FEATURES := target-specific order-only second-expansion else-if archives
# automatic
%F = $(notdir $%)
# environment
CHROME_CRASHPAD_PIPE_NAME = \\.\pipe\crashpad_3156_XVFJVRTHAVYSOLGK
# makefile (from `../../Compiler/COMMON/jo_engine_makefile', line 289)
MKISOFS_FLAGS = -quiet -sysid "SEGA SATURN" -volid "SaturnApp" -volset "SaturnApp" -sectype 2352 -publisher "SEGA ENTERPRISES, LTD." -preparer "SEGA ENTERPRISES, LTD." -appid "SaturnApp" -abstract "$(ASSETS_DIR)/ABS.TXT" -copyright "$(ASSETS_DIR)/CPY.TXT" -biblio "$(ASSETS_DIR)/BIB.TXT" -generic-boot $(IPFILE) -full-iso9660-filenames -o $(TARGET2) $(ASSETS_DIR) $(ENTRYPOINT)
# environment
VSCODE_PIPE_LOGGING = true
# environment
COMPUTERNAME = ARAMAKI
# environment
PROGRAMFILES = C:\Program Files (x86)
# environment
DRIVERDATA = C:\Windows\System32\Drivers\DriverData
# makefile (from `../../Compiler/COMMON/jo_engine_makefile', line 28)
JO_COMPILE_WITH_RAM_CARD_MODULE = 0
# environment
ORIGINAL_XDG_CURRENT_DESKTOP = undefined
# environment
AVR32_HOME = C:\WinAVR-20100110
# environment
USERNAME = Alfanhui
# environment
PUBLIC = C:\Users\Public
# environment
VSCODE_AMD_ENTRYPOINT = vs/workbench/api/node/extensionHostProcess
# environment
CHOCOLATEYTOOLSLOCATION = C:\tools
# makefile (from `makefile', line 8)
JO_PSEUDO_SATURN_KAI_SUPPORT = 1
# environment
VSCODE_CODE_CACHE_PATH = C:\Users\Alfanhui\AppData\Roaming\Code\CachedData\c3511e6c69bb39013c4a4b7b9566ec1ca73fc4d5
# environment
APPLICATION_INSIGHTS_NO_DIAGNOSTIC_CHANNEL = 1
# environment
COMMONPROGRAMFILES = C:\Program Files (x86)\Common Files
# environment
LOGONSERVER = \\ARAMAKI
# makefile (from `../../Compiler/COMMON/jo_engine_makefile', line 282)
IPFILE = $(CMNDIR)/IP.BIN
# makefile (from `../../Compiler/COMMON/jo_engine_makefile', line 281)
MPFILE = $(TARGET:.elf=.map)
# environment
VSCODE_HANDLES_UNCAUGHT_ERRORS = true
# environment
USERDOMAIN = ARAMAKI
# default
MAKE = $(MAKE_COMMAND)
# default
MAKECMDGOALS := all
# makefile (from `../../Compiler/COMMON/jo_engine_makefile', line 204)
SRCS = main.c src/utils/3d.c src/input.c src/level.c $(JO_ENGINE_SRC_DIR)/tga.c $(JO_ENGINE_SRC_DIR)/3d.c $(JO_ENGINE_SRC_DIR)/fs.c $(JO_ENGINE_SRC_DIR)/font.c $(JO_ENGINE_SRC_DIR)/input.c $(JO_ENGINE_SRC_DIR)/physics.c $(JO_ENGINE_SRC_DIR)/core.c $(JO_ENGINE_SRC_DIR)/math.c $(JO_ENGINE_SRC_DIR)/malloc.c $(JO_ENGINE_SRC_DIR)/tools.c $(JO_ENGINE_SRC_DIR)/palette.c $(JO_ENGINE_SRC_DIR)/sprites.c $(JO_ENGINE_SRC_DIR)/map.c $(JO_ENGINE_SRC_DIR)/list.c $(JO_ENGINE_SRC_DIR)/sprite_animator.c $(JO_ENGINE_SRC_DIR)/image.c $(JO_ENGINE_SRC_DIR)/vdp2.c $(JO_ENGINE_SRC_DIR)/time.c $(JO_ENGINE_SRC_DIR)/vdp1_command_pipeline.c $(JO_ENGINE_SRC_DIR)/vdp2_malloc.c
# makefile (from `../../Compiler/COMMON/jo_engine_makefile', line 246)
CMNDIR = $(COMPILER_DIR)/COMMON
# makefile (from `makefile', line 11)
JO_NTSC = 0
# makefile (from `makefile', line 9)
JO_COMPILE_WITH_DUAL_CPU_MODULE = 0
# makefile (from `../../Compiler/COMMON/jo_engine_makefile', line 227)
CUE_MAKER = JoEngineCueMaker.exe
# makefile (from `makefile', line 7)
JO_COMPILE_WITH_EFFECTS_MODULE = 0
# environment
JAVA_HOME = C:\Program Files\Amazon Corretto\jdk11.0.13_8
# default
MAKE_VERSION := 3.81
# makefile
.DEFAULT_GOAL := all
# makefile (from `../../Compiler/COMMON/jo_engine_makefile', line 262)
CCFLAGS = -DJO_FRAMERATE=1 -DJO_COMPILE_USING_SGL -DJO_COMPILE_WITH_TGA_SUPPORT -DJO_COMPILE_WITH_3D_SUPPORT -DJO_COMPILE_WITH_FS_SUPPORT -DJO_GLOBAL_MEMORY_SIZE_FOR_MALLOC=393216 -DJO_MAX_SPRITE=255 -DJO_MAX_FILE_IN_IMAGE_PACK=32 -DJO_MAP_MAX_LAYER=8 -DJO_MAX_SPRITE_ANIM=16 -DJO_MAX_FS_BACKGROUND_JOBS=1 -DJO_DEBUG -DJO_COMPILE_WITH_PRINTF_SUPPORT -DJO_COMPILE_WITH_SPRITE_HASHTABLE -DJO_PAL_VERSION -fkeep-inline-functions -W -Wall -Wshadow -Wbad-function-cast -Winline -Wcomment -Winline -Wsign-compare -Wextra -Wno-strict-aliasing -fno-common -ffast-math --param max-inline-insns-single=50 -fms-extensions -std=gnu99 -fmerge-all-constants -fno-ident -fno-unwind-tables -fno-asynchronous-unwind-tables -fomit-frame-pointer -fstrength-reduce -frerun-loop-opt -O2 -nodefaultlibs -nostdlib -fno-builtin -m2 -c -I$(JO_ENGINE_SRC_DIR) -I$(SGLIDR)
# makefile (from `makefile', line 3)
JO_COMPILE_WITH_TGA_MODULE = 1
# makefile (from `makefile', line 10)
JO_DEBUG = 1
# environment
PROGRAMFILES(X86) = C:\Program Files (x86)
# automatic
%D = $(patsubst %/,%,$(dir $%))
# makefile (from `makefile', line 18)
COMPILER_DIR = ../../Compiler
# environment
LOCALAPPDATA = C:\Users\Alfanhui\AppData\Local
# environment
PSMODULEPATH = C:\Program Files\WindowsPowerShell\Modules;C:\WINDOWS\system32\WindowsPowerShell\v1.0\Modules
# makefile (from `../../Compiler/COMMON/jo_engine_makefile', line 280)
TARGET3 = $(TARGET:.elf=.cue)
# default
MAKE_COMMAND := make.exe
# environment
PROCESSOR_ARCHITEW6432 = AMD64
# makefile (from `../../Compiler/COMMON/jo_engine_makefile', line 279)
TARGET2 = $(TARGET:.elf=.iso)
# default
.VARIABLES := 
# automatic
*F = $(notdir $*)
# environment
PROCESSOR_IDENTIFIER = AMD64 Family 23 Model 8 Stepping 2, AuthenticAMD
# environment
OS = Windows_NT
# environment
VSCODE_IPC_HOOK = \\.\pipe\90f4c696bd673d4141ed73aee59e71f0-1.67.2-main-sock
# makefile (from `makefile', line 1)
JO_COMPILE_WITH_VIDEO_MODULE = 0
# environment
HOMEPATH = \Users\Alfanhui
# environment
COMMONPROGRAMFILES(X86) = C:\Program Files (x86)\Common Files
# environment
PROMPT = $P$G
# environment
MFLAGS = -Rrqp
# automatic
*D = $(patsubst %/,%,$(dir $*))
# environment
SYSTEMROOT = C:\WINDOWS
# automatic
+D = $(patsubst %/,%,$(dir $+))
# automatic
+F = $(notdir $+)
# environment
APPDATA = C:\Users\Alfanhui\AppData\Roaming
# environment
TEMP = C:\Users\Alfanhui\AppData\Local\Temp
# environment
DART_SDK = C:\Program Files\Dart\dart-sdk
# environment
COMSPEC = C:\WINDOWS\system32\cmd.exe
# default
MAKEFILES := 
# automatic
<F = $(notdir $<)
# environment
LC_ALL = C
# makefile (from `../../Compiler/COMMON/jo_engine_makefile', line 242)
SGLIDR = $(SGLDIR)/INC
# makefile (from `../../Compiler/COMMON/jo_engine_makefile', line 284)
LDFILE = $(CMNDIR)/sgl.linker
# makefile (from `../../Compiler/COMMON/jo_engine_makefile', line 221)
LIBS = $(SGLLDR)/SEGA_SYS.A $(SGLLDR)/LIBCD.A $(SGLLDR)/LIBSGL.A
# automatic
^F = $(notdir $^)
# makefile (from `../../Compiler/COMMON/jo_engine_makefile', line 236)
MKISOFS = mkisofs
# default
SUFFIXES := 
# environment
SYSTEMDRIVE = C:
# environment
SESSIONNAME = Console
# makefile (from `../../Compiler/COMMON/jo_engine_makefile', line 243)
SGLLDR = $(SGLDIR)/LIB_ELF
# environment
PROCESSOR_REVISION = 0802
# makefile (from `../../Compiler/COMMON/jo_engine_makefile', line 241)
SGLDIR = $(COMPILER_DIR)/COMMON/SGL_302j
# environment
MAKELEVEL := 0
# makefile (from `makefile', line 2)
JO_COMPILE_WITH_BACKUP_MODULE = 0
# makefile (from `../../Compiler/COMMON/jo_engine_makefile', line 226)
CONV = $(COMPILER_DIR)/WINDOWS/bin/sh-elf-objcopy.exe
# environment
LANG = C
# environment
PROCESSOR_LEVEL = 23
# environment
FPS_BROWSER_APP_PROFILE_STRING = Internet Explorer
# environment
VSCODE_PID = 3156
# makefile (from `../../Compiler/COMMON/jo_engine_makefile', line 24)
JO_COMPILE_WITH_FS_MODULE = 1
# environment
USERDOMAIN_ROAMINGPROFILE = ARAMAKI
# variable set hash-table stats:
# Load=138/1024=13%, Rehash=0, Collisions=26/331=8%

# Pattern-specific Variable Values

# No pattern-specific variable values.

# Directories

# C:\Program Files\Amazon Corretto\jdk1.8.0_312\bin (key C:/Program Files/Amazon Corretto/jdk1.8.0_312/bin, mtime 1638124628): 55 files, no impossibilities.
# . (key c:/Users/Alfanhui/Nextcloud/Code/c/joengine/Projects/circuit-breaker, mtime 1654728509): 22 files, no impossibilities.
# C:\Program Files\Amazon Corretto\jdk11.0.13_8\bin (key C:/Program Files/Amazon Corretto/jdk11.0.13_8/bin, mtime 1638125133): 127 files, no impossibilities.
# C:\WinAVR-20100110\bin (key C:/WinAVR-20100110/bin, mtime 1593114707): 77 files, no impossibilities.
# C:\Program Files (x86)\Common Files\Oracle\Java\javapath (key C:/Program Files (x86)/Common Files/Oracle/Java/javapath, mtime 1650952993): 5 files, no impossibilities.
# C:\WinAVR-20100110\utils\bin (key C:/WinAVR-20100110/utils/bin, mtime 1592145398): 99 files, no impossibilities so far.
# C:\Python39\ (key C:/Python39/, mtime 1622152208): 18 files, no impossibilities.
# C:\Python39\Scripts\ (key C:/Python39/Scripts/, mtime 1622152208): 5 files, no impossibilities.

# 408 files, no impossibilities in 8 directories.

# Implicit Rules

# No implicit rules.

# Files

# Not a target:
../../jo_engine/map.o:
#  Implicit rule search has been done.
#  Last modified 2022-06-08 23:46:50
#  File has been updated.
#  Successfully updated.
# variable set hash-table stats:
# Load=0/32=0%, Rehash=0, Collisions=0/0=0%

# Not a target:
../../jo_engine/vdp2.o:
#  Implicit rule search has been done.
#  Last modified 2022-06-08 23:46:52
#  File has been updated.
#  Successfully updated.
# variable set hash-table stats:
# Load=0/32=0%, Rehash=0, Collisions=0/0=0%

all: game.elf game.bin game.iso game.cue
#  Phony target (prerequisite of .PHONY).
#  Command-line target.
#  Implicit rule search has not been done.
#  File does not exist.
#  File has been updated.
#  Successfully updated.
# variable set hash-table stats:
# Load=0/32=0%, Rehash=0, Collisions=0/0=0%

# Not a target:
../../jo_engine/core.o:
#  Implicit rule search has been done.
#  Last modified 2022-06-08 23:46:48
#  File has been updated.
#  Successfully updated.
# variable set hash-table stats:
# Load=0/32=0%, Rehash=0, Collisions=0/0=0%

# Not a target:
../../jo_engine/vdp2_malloc.o:
#  Implicit rule search has been done.
#  Last modified 2022-06-08 23:46:52
#  File has been updated.
#  Successfully updated.
# variable set hash-table stats:
# Load=0/32=0%, Rehash=0, Collisions=0/0=0%

.PHONY: all clean re
#  Implicit rule search has not been done.
#  Modification time never checked.
#  File has not been updated.

# Not a target:
.DEFAULT:
#  Implicit rule search has not been done.
#  Modification time never checked.
#  File has not been updated.

# Not a target:
../../jo_engine/tga.o:
#  Implicit rule search has been done.
#  Last modified 2022-06-08 23:46:46
#  File has been updated.
#  Successfully updated.
# variable set hash-table stats:
# Load=0/32=0%, Rehash=0, Collisions=0/0=0%

# Not a target:
../../Compiler/COMMON/sgl.linker:
#  Implicit rule search has been done.
#  Last modified 2022-05-19 19:57:48
#  File has been updated.
#  Successfully updated.
# variable set hash-table stats:
# Load=0/32=0%, Rehash=0, Collisions=0/0=0%

# Not a target:
../../jo_engine/image.o:
#  Implicit rule search has been done.
#  Last modified 2022-06-08 23:46:51
#  File has been updated.
#  Successfully updated.
# variable set hash-table stats:
# Load=0/32=0%, Rehash=0, Collisions=0/0=0%

# Not a target:
../../jo_engine/sprite_animator.o:
#  Implicit rule search has been done.
#  Last modified 2022-06-08 23:46:51
#  File has been updated.
#  Successfully updated.
# variable set hash-table stats:
# Load=0/32=0%, Rehash=0, Collisions=0/0=0%

# Not a target:
makefile:
#  Implicit rule search has been done.
#  Last modified 2022-06-08 21:06:26
#  File has been updated.
#  Successfully updated.
# variable set hash-table stats:
# Load=0/32=0%, Rehash=0, Collisions=0/0=0%

# Not a target:
../../jo_engine/list.o:
#  Implicit rule search has been done.
#  Last modified 2022-06-08 23:46:51
#  File has been updated.
#  Successfully updated.
# variable set hash-table stats:
# Load=0/32=0%, Rehash=0, Collisions=0/0=0%

# Not a target:
src/input.o:
#  Implicit rule search has been done.
#  Last modified 2022-06-08 23:46:45
#  File has been updated.
#  Successfully updated.
# variable set hash-table stats:
# Load=0/32=0%, Rehash=0, Collisions=0/0=0%

# Not a target:
../../jo_engine/palette.o:
#  Implicit rule search has been done.
#  Last modified 2022-06-08 23:46:49
#  File has been updated.
#  Successfully updated.
# variable set hash-table stats:
# Load=0/32=0%, Rehash=0, Collisions=0/0=0%

# Not a target:
../../jo_engine/font.o:
#  Implicit rule search has been done.
#  Last modified 2022-06-08 23:46:47
#  File has been updated.
#  Successfully updated.
# variable set hash-table stats:
# Load=0/32=0%, Rehash=0, Collisions=0/0=0%

# Not a target:
../../jo_engine/tools.o:
#  Implicit rule search has been done.
#  Last modified 2022-06-08 23:46:49
#  File has been updated.
#  Successfully updated.
# variable set hash-table stats:
# Load=0/32=0%, Rehash=0, Collisions=0/0=0%

.c.o:
#  Implicit rule search has not been done.
#  Modification time never checked.
#  File has not been updated.
#  commands to execute (from `../../Compiler/COMMON/jo_engine_makefile', line 314):
	$(CC) $< $(DFLAGS) $(CCFLAGS) $(_CCFLAGS) -o $@
	

# Not a target:
../../jo_engine/math.o:
#  Implicit rule search has been done.
#  Last modified 2022-06-08 23:46:49
#  File has been updated.
#  Successfully updated.
# variable set hash-table stats:
# Load=0/32=0%, Rehash=0, Collisions=0/0=0%

# Not a target:
../../jo_engine/fs.o:
#  Implicit rule search has been done.
#  Last modified 2022-06-08 23:46:47
#  File has been updated.
#  Successfully updated.
# variable set hash-table stats:
# Load=0/32=0%, Rehash=0, Collisions=0/0=0%

# Not a target:
../../Compiler/COMMON/SGL_302j/LIB_ELF/SGLAREA.O:
#  Implicit rule search has been done.
#  Last modified 2022-05-19 19:57:48
#  File has been updated.
#  Successfully updated.
# variable set hash-table stats:
# Load=0/32=0%, Rehash=0, Collisions=0/0=0%

game.iso: game.bin
#  Implicit rule search has not been done.
#  Last modified 2022-06-08 23:46:53
#  File has been updated.
#  Successfully updated.
#  commands to execute (from `../../Compiler/COMMON/jo_engine_makefile', line 307):
	$(CONV) -O binary $(TARGET) cd/0.bin
	$(MKISOFS) $(MKISOFS_FLAGS)
	

# Not a target:
.SUFFIXES:
#  Implicit rule search has not been done.
#  Modification time never checked.
#  File has not been updated.

# Not a target:
../../Compiler/COMMON/jo_engine_makefile:
#  Implicit rule search has been done.
#  Last modified 2022-05-19 19:57:48
#  File has been updated.
#  Successfully updated.
# variable set hash-table stats:
# Load=0/32=0%, Rehash=0, Collisions=0/0=0%

re: clean all
#  Phony target (prerequisite of .PHONY).
#  Implicit rule search has not been done.
#  File does not exist.
#  File has not been updated.

# Not a target:
../../jo_engine/vdp1_command_pipeline.o:
#  Implicit rule search has been done.
#  Last modified 2022-06-08 23:46:52
#  File has been updated.
#  Successfully updated.
# variable set hash-table stats:
# Load=0/32=0%, Rehash=0, Collisions=0/0=0%

clean:
#  Phony target (prerequisite of .PHONY).
#  Implicit rule search has not been done.
#  File does not exist.
#  File has not been updated.
#  commands to execute (from `../../Compiler/COMMON/jo_engine_makefile', line 317):
	$(RM) $(OBJS) $(TARGET) $(TARGET1) $(TARGET2) $(MPFILE) cd/0.bin
	

# Not a target:
../../jo_engine/input.o:
#  Implicit rule search has been done.
#  Last modified 2022-06-08 23:46:48
#  File has been updated.
#  Successfully updated.
# variable set hash-table stats:
# Load=0/32=0%, Rehash=0, Collisions=0/0=0%

# Not a target:
../../jo_engine/sprites.o:
#  Implicit rule search has been done.
#  Last modified 2022-06-08 23:46:50
#  File has been updated.
#  Successfully updated.
# variable set hash-table stats:
# Load=0/32=0%, Rehash=0, Collisions=0/0=0%

# Not a target:
src/utils/3d.o:
#  Implicit rule search has been done.
#  Last modified 2022-06-08 23:46:45
#  File has been updated.
#  Successfully updated.
# variable set hash-table stats:
# Load=0/32=0%, Rehash=0, Collisions=0/0=0%

game.cue: game.bin game.iso
#  Implicit rule search has not been done.
#  Last modified 2022-06-08 23:46:53
#  File has been updated.
#  Successfully updated.
#  commands to execute (from `../../Compiler/COMMON/jo_engine_makefile', line 311):
	$(CUE_MAKER)
	

# Not a target:
main.o:
#  Implicit rule search has been done.
#  Last modified 2022-06-08 23:46:45
#  File has been updated.
#  Successfully updated.
# variable set hash-table stats:
# Load=0/32=0%, Rehash=0, Collisions=0/0=0%

# Not a target:
src/level.o:
#  Implicit rule search has been done.
#  Last modified 2022-06-08 23:46:46
#  File has been updated.
#  Successfully updated.
# variable set hash-table stats:
# Load=0/32=0%, Rehash=0, Collisions=0/0=0%

# Not a target:
../../jo_engine/malloc.o:
#  Implicit rule search has been done.
#  Last modified 2022-06-08 23:46:49
#  File has been updated.
#  Successfully updated.
# variable set hash-table stats:
# Load=0/32=0%, Rehash=0, Collisions=0/0=0%

# Not a target:
../../jo_engine/physics.o:
#  Implicit rule search has been done.
#  Last modified 2022-06-08 23:46:48
#  File has been updated.
#  Successfully updated.
# variable set hash-table stats:
# Load=0/32=0%, Rehash=0, Collisions=0/0=0%

game.bin: game.elf ../../Compiler/COMMON/SGL_302j/LIB_ELF/SGLAREA.O main.o src/utils/3d.o src/input.o src/level.o ../../jo_engine/tga.o ../../jo_engine/3d.o ../../jo_engine/fs.o ../../jo_engine/font.o ../../jo_engine/input.o ../../jo_engine/physics.o ../../jo_engine/core.o ../../jo_engine/math.o ../../jo_engine/malloc.o ../../jo_engine/tools.o ../../jo_engine/palette.o ../../jo_engine/sprites.o ../../jo_engine/map.o ../../jo_engine/list.o ../../jo_engine/sprite_animator.o ../../jo_engine/image.o ../../jo_engine/vdp2.o ../../jo_engine/time.o ../../jo_engine/vdp1_command_pipeline.o ../../jo_engine/vdp2_malloc.o makefile ../../Compiler/COMMON/sgl.linker
#  Implicit rule search has not been done.
#  Last modified 2022-06-08 23:46:52
#  File has been updated.
#  Successfully updated.
#  commands to execute (from `../../Compiler/COMMON/jo_engine_makefile', line 304):
	$(CONV) -O binary $(TARGET) $(TARGET1)
	

game.elf: ../../Compiler/COMMON/SGL_302j/LIB_ELF/SGLAREA.O main.o src/utils/3d.o src/input.o src/level.o ../../jo_engine/tga.o ../../jo_engine/3d.o ../../jo_engine/fs.o ../../jo_engine/font.o ../../jo_engine/input.o ../../jo_engine/physics.o ../../jo_engine/core.o ../../jo_engine/math.o ../../jo_engine/malloc.o ../../jo_engine/tools.o ../../jo_engine/palette.o ../../jo_engine/sprites.o ../../jo_engine/map.o ../../jo_engine/list.o ../../jo_engine/sprite_animator.o ../../jo_engine/image.o ../../jo_engine/vdp2.o ../../jo_engine/time.o ../../jo_engine/vdp1_command_pipeline.o ../../jo_engine/vdp2_malloc.o makefile ../../Compiler/COMMON/sgl.linker
#  Implicit rule search has not been done.
#  Last modified 2022-06-08 23:46:52
#  File has been updated.
#  Successfully updated.
# variable set hash-table stats:
# Load=0/32=0%, Rehash=0, Collisions=0/0=0%
#  commands to execute (from `../../Compiler/COMMON/jo_engine_makefile', line 301):
	$(CC) $(LDFLAGS) $(SYSOBJS) $(OBJS) $(LIBS) -o $@
	

# Not a target:
../../jo_engine/time.o:
#  Implicit rule search has been done.
#  Last modified 2022-06-08 23:46:52
#  File has been updated.
#  Successfully updated.
# variable set hash-table stats:
# Load=0/32=0%, Rehash=0, Collisions=0/0=0%

# Not a target:
../../jo_engine/3d.o:
#  Implicit rule search has been done.
#  Last modified 2022-06-08 23:46:47
#  File has been updated.
#  Successfully updated.
# variable set hash-table stats:
# Load=0/32=0%, Rehash=0, Collisions=0/0=0%

# files hash-table stats:
# Load=39/1024=4%, Rehash=0, Collisions=13/119=11%
# VPATH Search Paths

# No `vpath' search paths.

# No general (`VPATH' variable) search path.

# # of strings in strcache: 2
# # of strcache buffers: 1
# strcache size: total = 4096 / max = 4096 / min = 4096 / avg = 4096
# strcache free: total = 4046 / max = 4046 / min = 4046 / avg = 4046

# Finished Make data base on Wed Jun 08 23:48:31 2022

 
